<?xml version="1.0" encoding="UTF-8"?>
<!-- Generated by org.testng.reporters.JUnitXMLReporter -->
<testsuite hostname="EPINHYDW0447" ignored="0" name="Default test" tests="3" failures="0" timestamp="12 Oct 2018 11:42:20 GMT" time="2.027" errors="0">
  <testcase name="registerUser" time="0.803" classname="com.epam.restapi.tests.GetAndPostTestClass"/>
  <testcase name="getUsers" time="0.602" classname="com.epam.restapi.tests.GetAndPostTestClass"/>
  <testcase name="getRequiredUsers" time="0.579" classname="com.epam.restapi.tests.GetAndPostTestClass"/>
</testsuite> <!-- Default test -->
