<?xml version="1.0" encoding="UTF-8"?>
<testng-results skipped="0" failed="0" ignored="0" total="3" passed="3">
  <reporter-output>
  </reporter-output>
  <suite name="Default suite" duration-ms="2027" started-at="2018-10-12T11:42:18Z" finished-at="2018-10-12T11:42:20Z">
    <groups>
    </groups>
    <test name="Default test" duration-ms="2027" started-at="2018-10-12T11:42:18Z" finished-at="2018-10-12T11:42:20Z">
      <class name="com.epam.restapi.tests.GetAndPostTestClass">
        <test-method status="PASS" signature="init()[pri:0, instance:com.epam.restapi.tests.GetAndPostTestClass@5b275dab]" name="init" is-config="true" duration-ms="29" started-at="2018-10-12T11:42:18Z" finished-at="2018-10-12T11:42:18Z">
          <reporter-output>
          </reporter-output>
        </test-method> <!-- init -->
        <test-method status="PASS" signature="registerUser()[pri:1, instance:com.epam.restapi.tests.GetAndPostTestClass@5b275dab]" name="registerUser" duration-ms="803" started-at="2018-10-12T11:42:18Z" finished-at="2018-10-12T11:42:19Z">
          <reporter-output>
          </reporter-output>
        </test-method> <!-- registerUser -->
        <test-method status="PASS" signature="getUsers()[pri:2, instance:com.epam.restapi.tests.GetAndPostTestClass@5b275dab]" name="getUsers" duration-ms="602" started-at="2018-10-12T11:42:19Z" finished-at="2018-10-12T11:42:19Z">
          <reporter-output>
          </reporter-output>
        </test-method> <!-- getUsers -->
        <test-method status="PASS" signature="getRequiredUsers()[pri:3, instance:com.epam.restapi.tests.GetAndPostTestClass@5b275dab]" name="getRequiredUsers" duration-ms="579" started-at="2018-10-12T11:42:19Z" finished-at="2018-10-12T11:42:20Z">
          <reporter-output>
          </reporter-output>
        </test-method> <!-- getRequiredUsers -->
      </class> <!-- com.epam.restapi.tests.GetAndPostTestClass -->
    </test> <!-- Default test -->
  </suite> <!-- Default suite -->
</testng-results>
